<?xml version="1.0" encoding="UTF-8"?>
<!-- Generated by org.testng.reporters.JUnitXMLReporter -->
<testsuite ignored="0" hostname="user-PC" failures="0" tests="4" name="Free CRM App Test Cases" time="204.886" errors="0" timestamp="26 Nov 2019 05:30:42 GMT">
  <testcase classname="crm.com.qa.test.LoginPageTest" name="@BeforeMethod setUp" time="108.226">
    <failure type="java.lang.Error" message="Unresolved compilation problem: 
	The type EventListener must implement the inherited abstract method WebDriverEventListener.onException(Throwable, WebDriver)
">
      <![CDATA[java.lang.Error: Unresolved compilation problem: 
The type EventListener must implement the inherited abstract method WebDriverEventListener.onException(Throwable, WebDriver)

at crm.com.qa.util.EventListener.onException(EventListener.java:8)
at org.openqa.selenium.support.events.EventFiringWebDriver.lambda$new$0(EventFiringWebDriver.java:84)
at com.sun.proxy.$Proxy10.onException(Unknown Source)
at org.openqa.selenium.support.events.EventFiringWebDriver.lambda$new$1(EventFiringWebDriver.java:107)
at com.sun.proxy.$Proxy11.get(Unknown Source)
at org.openqa.selenium.support.events.EventFiringWebDriver.get(EventFiringWebDriver.java:165)
at crm.com.qa.base.TestBase.initialization(TestBase.java:46)
at crm.com.qa.test.LoginPageTest.setUp(LoginPageTest.java:19)
... Removed 32 stack frames]]>
    </failure>
  </testcase> <!-- @BeforeMethod setUp -->
  <testcase classname="crm.com.qa.test.LoginPageTest" name="@AfterMethod tearDown" time="0.0">
    <skipped/>
  </testcase> <!-- @AfterMethod tearDown -->
  <testcase classname="crm.com.qa.test.HomePageTest" name="@BeforeMethod setUp" time="60.839">
    <failure type="java.lang.Error" message="Unresolved compilation problem: 
	The type EventListener must implement the inherited abstract method WebDriverEventListener.onException(Throwable, WebDriver)
">
      <![CDATA[java.lang.Error: Unresolved compilation problem: 
The type EventListener must implement the inherited abstract method WebDriverEventListener.onException(Throwable, WebDriver)

at crm.com.qa.util.EventListener.onException(EventListener.java:8)
at org.openqa.selenium.support.events.EventFiringWebDriver.lambda$new$0(EventFiringWebDriver.java:84)
at com.sun.proxy.$Proxy10.onException(Unknown Source)
at org.openqa.selenium.support.events.EventFiringWebDriver.lambda$new$1(EventFiringWebDriver.java:107)
at com.sun.proxy.$Proxy11.get(Unknown Source)
at org.openqa.selenium.support.events.EventFiringWebDriver.get(EventFiringWebDriver.java:165)
at crm.com.qa.base.TestBase.initialization(TestBase.java:46)
at crm.com.qa.test.HomePageTest.setUp(HomePageTest.java:21)
... Removed 32 stack frames]]>
    </failure>
  </testcase> <!-- @BeforeMethod setUp -->
  <testcase classname="crm.com.qa.test.HomePageTest" name="@AfterMethod tearDown" time="0.0">
    <skipped/>
  </testcase> <!-- @AfterMethod tearDown -->
  <testcase classname="crm.com.qa.test.LoginPageTest" name="@BeforeMethod setUp" time="0.0">
    <skipped/>
  </testcase> <!-- @BeforeMethod setUp -->
  <testcase classname="crm.com.qa.test.LoginPageTest" name="@AfterMethod tearDown" time="0.0">
    <skipped/>
  </testcase> <!-- @AfterMethod tearDown -->
  <testcase classname="crm.com.qa.test.LoginPageTest" name="TitleTest" time="0.0">
    <skipped/>
  </testcase> <!-- TitleTest -->
  <testcase classname="crm.com.qa.test.HomePageTest" name="verifyPageTitleTest" time="0.0">
    <skipped/>
  </testcase> <!-- verifyPageTitleTest -->
  <testcase classname="crm.com.qa.test.ContactPageTest" name="verfiyConatctLabelTest" time="0.468"/>
  <testcase classname="crm.com.qa.test.LoginPageTest" name="LoginTe" time="0.0">
    <skipped/>
  </testcase> <!-- LoginTe -->
</testsuite> <!-- Free CRM App Test Cases -->
